============================= test session starts =============================
platform win32 -- Python 3.12.10, pytest-9.1.1, pluggy-1.6.0 -- C:\Users\user\Downloads\vrrs\vrrs-backend\.venv_new\Scripts\python.exe
cachedir: .pytest_cache
rootdir: C:\Users\user\Downloads\vrrs\vrrs-backend
plugins: anyio-4.14.2
collecting ... collected 40 items

tests/test_alerts.py::test_check_plate_clear_when_no_match PASSED        [  2%]
tests/test_alerts.py::test_check_plate_stolen_on_exact_match PASSED      [  5%]
tests/test_alerts.py::test_check_plate_matches_despite_spacing_and_case_difference PASSED [  7%]
tests/test_alerts.py::test_check_plate_ignores_found_report PASSED       [ 10%]
tests/test_alerts.py::test_unread_count_and_mark_read PASSED             [ 12%]
tests/test_alerts.py::test_flag_false_positive_writes_audit_log PASSED   [ 15%]
tests/test_analytics.py::test_summary_normalizes_mixed_confidence_scales PASSED [ 17%]
tests/test_analytics.py::test_detections_per_node_normalizes_confidence PASSED [ 20%]
tests/test_auth.py::test_register_reportee_succeeds PASSED               [ 22%]
tests/test_auth.py::test_register_duplicate_email_rejected PASSED        [ 25%]
tests/test_auth.py::test_register_non_reportee_role_rejected PASSED      [ 27%]
tests/test_auth.py::test_register_short_password_rejected PASSED         [ 30%]
tests/test_auth.py::test_login_success PASSED                            [ 32%]
tests/test_auth.py::test_login_wrong_password_rejected PASSED            [ 35%]
tests/test_auth.py::test_login_inactive_account_rejected PASSED          [ 37%]
tests/test_auth.py::test_protected_route_requires_token PASSED           [ 40%]
tests/test_rbac.py::test_reportee_cannot_reach_police_or_admin_routes[/users/] PASSED [ 42%]
tests/test_rbac.py::test_reportee_cannot_reach_police_or_admin_routes[/system/audit] PASSED [ 45%]
tests/test_rbac.py::test_reportee_cannot_reach_police_or_admin_routes[/alerts/] PASSED [ 47%]
tests/test_rbac.py::test_reportee_cannot_reach_police_or_admin_routes[/analytics/summary] PASSED [ 50%]
tests/test_rbac.py::test_police_cannot_reach_admin_only_routes[/system/audit] PASSED [ 52%]
tests/test_rbac.py::test_police_cannot_reach_admin_only_routes[/analytics/user-growth] PASSED [ 55%]
tests/test_rbac.py::test_police_can_reach_police_routes PASSED           [ 57%]
tests/test_rbac.py::test_admin_can_reach_admin_routes PASSED             [ 60%]
tests/test_rbac.py::test_reportee_cannot_delete_report PASSED            [ 62%]
tests/test_regressions.py::test_existing_token_obeys_account_changes[inactive-401] PASSED [ 65%]
tests/test_regressions.py::test_existing_token_obeys_account_changes[demoted-403] PASSED [ 67%]
tests/test_regressions.py::test_existing_token_obeys_account_changes[deleted-401] PASSED [ 70%]
tests/test_regressions.py::test_websocket_rechecks_account_on_heartbeat PASSED [ 72%]
tests/test_regressions.py::test_configured_cors_preflight PASSED         [ 75%]
tests/test_regressions.py::test_local_cors_defaults PASSED               [ 77%]
tests/test_regressions.py::test_broadcast_checks_current_access[False] PASSED [ 80%]
tests/test_regressions.py::test_broadcast_checks_current_access[True] PASSED [ 82%]
tests/test_regressions.py::test_health_supports_sqlite_pool PASSED       [ 85%]
tests/test_reports.py::test_create_report_as_reportee PASSED             [ 87%]
tests/test_reports.py::test_duplicate_active_report_rejected PASSED      [ 90%]
tests/test_reports.py::test_duplicate_missing_report_rejected PASSED     [ 92%]
tests/test_reports.py::test_reportee_only_sees_own_reports PASSED        [ 95%]
tests/test_reports.py::test_police_can_activate_and_mark_found PASSED    [ 97%]
tests/test_reports.py::test_admin_delete_cascades_to_alerts PASSED       [100%]

============================= 40 passed in 16.50s =============================
