============================= test session starts =============================
platform win32 -- Python 3.12.10, pytest-9.1.1, pluggy-1.6.0 -- C:\Users\user\Downloads\vrrs\vrrs-backend\.venv_new\Scripts\python.exe
cachedir: .pytest_cache
rootdir: C:\Users\user\Downloads\vrrs\vrrs-node
plugins: anyio-4.14.2
collecting ... collected 8 items

tests/test_plate_utils.py::test_clean_plate_text_strips_punctuation_and_uppercases PASSED [ 12%]
tests/test_plate_utils.py::test_clean_plate_text_rejects_too_short_or_too_long PASSED [ 25%]
tests/test_plate_utils.py::test_clean_plate_text_rejects_non_alphanumeric_only_input PASSED [ 37%]
tests/test_plate_utils.py::test_exact_repeat_within_cooldown_is_a_duplicate PASSED [ 50%]
tests/test_plate_utils.py::test_ocr_jitter_variants_are_treated_as_duplicates PASSED [ 62%]
tests/test_plate_utils.py::test_genuinely_different_plate_is_not_a_duplicate PASSED [ 75%]
tests/test_plate_utils.py::test_expired_entries_no_longer_count_as_duplicates PASSED [ 87%]
tests/test_plate_utils.py::test_expired_entries_are_pruned PASSED        [100%]

============================== 8 passed in 0.02s ==============================
